<?xml version="1.0" encoding="UTF-8"?>
<testsuites>
  <testsuite name="C:\wamp\www\eclipse_www\ws\tests" tests="138" assertions="765" failures="0" errors="0" time="3.329212">
    <testsuite name="WebServiceApplicationWebErrorsTest" file="C:\wamp\www\eclipse_www\ws\tests\unit\application\web\errorsTest.php" fullPackage="WebService.Tests.Application" package="WebService.Tests" subpackage="Application" tests="15" assertions="86" failures="0" errors="0" time="0.436524">
      <testcase name="test__construct" class="WebServiceApplicationWebErrorsTest" file="C:\wamp\www\eclipse_www\ws\tests\unit\application\web\errorsTest.php" line="36" assertions="10" time="0.154952"/>
      <testsuite name="WebServiceApplicationWebErrorsTest::testCheckSupressResponseCodes" tests="7" assertions="35" failures="0" errors="0" time="0.135706">
        <testcase name="testCheckSupressResponseCodes with data set #0" assertions="5" time="0.020094"/>
        <testcase name="testCheckSupressResponseCodes with data set #1" assertions="5" time="0.019194"/>
        <testcase name="testCheckSupressResponseCodes with data set #2" assertions="5" time="0.019307"/>
        <testcase name="testCheckSupressResponseCodes with data set #3" assertions="5" time="0.019408"/>
        <testcase name="testCheckSupressResponseCodes with data set #4" assertions="5" time="0.019436"/>
        <testcase name="testCheckSupressResponseCodes with data set #5" assertions="5" time="0.019419"/>
        <testcase name="testCheckSupressResponseCodes with data set #6" assertions="5" time="0.018848"/>
      </testsuite>
      <testsuite name="WebServiceApplicationWebErrorsTest::testAddError" tests="2" assertions="14" failures="0" errors="0" time="0.047343">
        <testcase name="testAddError with data set #0" assertions="7" time="0.024150"/>
        <testcase name="testAddError with data set #1" assertions="7" time="0.023193"/>
      </testsuite>
      <testcase name="testAddCustomError" class="WebServiceApplicationWebErrorsTest" file="C:\wamp\www\eclipse_www\ws\tests\unit\application\web\errorsTest.php" line="214" assertions="7" time="0.019808"/>
      <testcase name="testUnknownError" class="WebServiceApplicationWebErrorsTest" file="C:\wamp\www\eclipse_www\ws\tests\unit\application\web\errorsTest.php" line="254" assertions="5" time="0.022167"/>
      <testcase name="testGetErrors" class="WebServiceApplicationWebErrorsTest" file="C:\wamp\www\eclipse_www\ws\tests\unit\application\web\errorsTest.php" line="274" assertions="5" time="0.019626"/>
      <testcase name="testErrorsExist" class="WebServiceApplicationWebErrorsTest" file="C:\wamp\www\eclipse_www\ws\tests\unit\application\web\errorsTest.php" line="292" assertions="5" time="0.018449"/>
      <testcase name="testGetResponseCode" class="WebServiceApplicationWebErrorsTest" file="C:\wamp\www\eclipse_www\ws\tests\unit\application\web\errorsTest.php" line="309" assertions="5" time="0.018473"/>
    </testsuite>
    <testsuite name="WebServiceApplicationWebRouterTest" file="C:\wamp\www\eclipse_www\ws\tests\unit\application\web\routerTest.php" fullPackage="WebService.Tests.Application" package="WebService.Tests" subpackage="Application" tests="17" assertions="100" failures="0" errors="0" time="0.325363">
      <testsuite name="WebServiceApplicationWebRouterTest::testReorderRoute" tests="5" assertions="27" failures="0" errors="0" time="0.096636">
        <testcase name="testReorderRoute with data set #0" assertions="5" time="0.022909"/>
        <testcase name="testReorderRoute with data set #1" assertions="5" time="0.017463"/>
        <testcase name="testReorderRoute with data set #2" assertions="5" time="0.017531"/>
        <testcase name="testReorderRoute with data set #3" assertions="6" time="0.019266"/>
        <testcase name="testReorderRoute with data set #4" assertions="6" time="0.019467"/>
      </testsuite>
      <testsuite name="WebServiceApplicationWebRouterTest::testRemoveControllerFromRoute" tests="3" assertions="15" failures="0" errors="0" time="0.052869">
        <testcase name="testRemoveControllerFromRoute with data set #0" assertions="5" time="0.017657"/>
        <testcase name="testRemoveControllerFromRoute with data set #1" assertions="5" time="0.017922"/>
        <testcase name="testRemoveControllerFromRoute with data set #2" assertions="5" time="0.017290"/>
      </testsuite>
      <testsuite name="WebServiceApplicationWebRouterTest::testRewriteRoute" tests="6" assertions="42" failures="0" errors="0" time="0.120874">
        <testcase name="testRewriteRoute with data set #0" assertions="7" time="0.024612"/>
        <testcase name="testRewriteRoute with data set #1" assertions="7" time="0.019115"/>
        <testcase name="testRewriteRoute with data set #2" assertions="7" time="0.019382"/>
        <testcase name="testRewriteRoute with data set #3" assertions="7" time="0.019473"/>
        <testcase name="testRewriteRoute with data set #4" assertions="7" time="0.019107"/>
        <testcase name="testRewriteRoute with data set #5" assertions="7" time="0.019185"/>
      </testsuite>
      <testsuite name="WebServiceApplicationWebRouterTest::testActionRoute" tests="3" assertions="16" failures="0" errors="0" time="0.054984">
        <testcase name="testActionRoute with data set #0" assertions="5" time="0.017905"/>
        <testcase name="testActionRoute with data set #1" assertions="5" time="0.017780"/>
        <testcase name="testActionRoute with data set #2" assertions="6" time="0.019299"/>
      </testsuite>
    </testsuite>
    <testsuite name="WebServiceControllerV1BaseTest" file="C:\wamp\www\eclipse_www\ws\tests\unit\controller\v1\baseTest.php" fullPackage="WebService.Tests.Application" package="WebService.Tests" subpackage="Application" tests="8" assertions="45" failures="0" errors="0" time="0.217285">
      <testcase name="test__construct" class="WebServiceControllerV1BaseTest" file="C:\wamp\www\eclipse_www\ws\tests\unit\controller\v1\baseTest.php" line="38" assertions="10" time="0.072248"/>
      <testsuite name="WebServiceControllerV1BaseTest::testGetContentId" tests="3" assertions="15" failures="0" errors="0" time="0.063747">
        <testcase name="testGetContentId with data set #0" assertions="5" time="0.020380"/>
        <testcase name="testGetContentId with data set #1" assertions="5" time="0.021221"/>
        <testcase name="testGetContentId with data set #2" assertions="5" time="0.022146"/>
      </testsuite>
      <testsuite name="WebServiceControllerV1BaseTest::testMapIn" tests="2" assertions="10" failures="0" errors="0" time="0.040819">
        <testcase name="testMapIn with data set #0" assertions="5" time="0.020950"/>
        <testcase name="testMapIn with data set #1" assertions="5" time="0.019869"/>
      </testsuite>
      <testsuite name="WebServiceControllerV1BaseTest::testMapOut" tests="2" assertions="10" failures="0" errors="0" time="0.040471">
        <testcase name="testMapOut with data set #0" assertions="5" time="0.019981"/>
        <testcase name="testMapOut with data set #1" assertions="5" time="0.020490"/>
      </testsuite>
    </testsuite>
    <testsuite name="WebServiceControllerV1JsonBaseCreateTest" file="C:\wamp\www\eclipse_www\ws\tests\unit\controller\v1\json\base\createTest.php" fullPackage="WebService.Tests.Application" package="WebService.Tests" subpackage="Application" tests="11" assertions="61" failures="0" errors="0" time="0.283741">
      <testcase name="test__construct" class="WebServiceControllerV1JsonBaseCreateTest" file="C:\wamp\www\eclipse_www\ws\tests\unit\controller\v1\json\base\createTest.php" line="38" assertions="10" time="0.036877"/>
      <testcase name="testInit" class="WebServiceControllerV1JsonBaseCreateTest" file="C:\wamp\www\eclipse_www\ws\tests\unit\controller\v1\json\base\createTest.php" line="62" assertions="6" time="0.027675"/>
      <testcase name="testExecute" class="WebServiceControllerV1JsonBaseCreateTest" file="C:\wamp\www\eclipse_www\ws\tests\unit\controller\v1\json\base\createTest.php" line="118" assertions="5" time="0.042658"/>
      <testsuite name="WebServiceControllerV1JsonBaseCreateTest::testGetMandatoryFields" tests="4" assertions="20" failures="0" errors="0" time="0.087654">
        <testcase name="testGetMandatoryFields with data set #0" assertions="5" time="0.021439"/>
        <testcase name="testGetMandatoryFields with data set #1" assertions="5" time="0.021128"/>
        <testcase name="testGetMandatoryFields with data set #2" assertions="5" time="0.021009"/>
        <testcase name="testGetMandatoryFields with data set #3" assertions="5" time="0.024078"/>
      </testsuite>
      <testsuite name="WebServiceControllerV1JsonBaseCreateTest::testGetOptionalFields" tests="4" assertions="20" failures="0" errors="0" time="0.088877">
        <testcase name="testGetOptionalFields with data set #0" assertions="5" time="0.022236"/>
        <testcase name="testGetOptionalFields with data set #1" assertions="5" time="0.021728"/>
        <testcase name="testGetOptionalFields with data set #2" assertions="5" time="0.022480"/>
        <testcase name="testGetOptionalFields with data set #3" assertions="5" time="0.022433"/>
      </testsuite>
    </testsuite>
    <testsuite name="WebServiceControllerV1JsonBaseDeleteTest" file="C:\wamp\www\eclipse_www\ws\tests\unit\controller\v1\json\base\deleteTest.php" fullPackage="WebService.Tests.Application" package="WebService.Tests" subpackage="Application" tests="24" assertions="130" failures="0" errors="0" time="0.555547">
      <testcase name="test__construct" class="WebServiceControllerV1JsonBaseDeleteTest" file="C:\wamp\www\eclipse_www\ws\tests\unit\controller\v1\json\base\deleteTest.php" line="38" assertions="10" time="0.036888"/>
      <testsuite name="WebServiceControllerV1JsonBaseDeleteTest::testGetContentId" tests="7" assertions="35" failures="0" errors="0" time="0.142339">
        <testcase name="testGetContentId with data set #0" assertions="5" time="0.020271"/>
        <testcase name="testGetContentId with data set #1" assertions="5" time="0.019711"/>
        <testcase name="testGetContentId with data set #2" assertions="5" time="0.020554"/>
        <testcase name="testGetContentId with data set #3" assertions="5" time="0.020518"/>
        <testcase name="testGetContentId with data set #4" assertions="5" time="0.020234"/>
        <testcase name="testGetContentId with data set #5" assertions="5" time="0.020795"/>
        <testcase name="testGetContentId with data set #6" assertions="5" time="0.020256"/>
      </testsuite>
      <testsuite name="WebServiceControllerV1JsonBaseDeleteTest::testGetSince" tests="7" assertions="36" failures="0" errors="0" time="0.154111">
        <testcase name="testGetSince with data set #0" assertions="5" time="0.020819"/>
        <testcase name="testGetSince with data set #1" assertions="5" time="0.022023"/>
        <testcase name="testGetSince with data set #2" assertions="5" time="0.020745"/>
        <testcase name="testGetSince with data set #3" assertions="5" time="0.021561"/>
        <testcase name="testGetSince with data set #4" assertions="5" time="0.020716"/>
        <testcase name="testGetSince with data set #5" assertions="5" time="0.021090"/>
        <testcase name="testGetSince with data set #6" assertions="6" time="0.027157"/>
      </testsuite>
      <testsuite name="WebServiceControllerV1JsonBaseDeleteTest::testGetBefore" tests="7" assertions="37" failures="0" errors="0" time="0.156065">
        <testcase name="testGetBefore with data set #0" assertions="5" time="0.020273"/>
        <testcase name="testGetBefore with data set #1" assertions="5" time="0.020657"/>
        <testcase name="testGetBefore with data set #2" assertions="5" time="0.021224"/>
        <testcase name="testGetBefore with data set #3" assertions="5" time="0.020975"/>
        <testcase name="testGetBefore with data set #4" assertions="6" time="0.025143"/>
        <testcase name="testGetBefore with data set #5" assertions="5" time="0.021670"/>
        <testcase name="testGetBefore with data set #6" assertions="6" time="0.026123"/>
      </testsuite>
      <testcase name="testExecute" class="WebServiceControllerV1JsonBaseDeleteTest" file="C:\wamp\www\eclipse_www\ws\tests\unit\controller\v1\json\base\deleteTest.php" line="279" assertions="5" time="0.042318"/>
      <testcase name="testInit" class="WebServiceControllerV1JsonBaseDeleteTest" file="C:\wamp\www\eclipse_www\ws\tests\unit\controller\v1\json\base\deleteTest.php" line="304" assertions="7" time="0.023825"/>
    </testsuite>
    <testsuite name="WebServiceControllerV1JsonBaseGetTest" file="C:\wamp\www\eclipse_www\ws\tests\unit\controller\v1\json\base\getTest.php" fullPackage="WebService.Tests.Application" package="WebService.Tests" subpackage="Application" tests="50" assertions="264" failures="0" errors="0" time="1.118165">
      <testcase name="test__construct" class="WebServiceControllerV1JsonBaseGetTest" file="C:\wamp\www\eclipse_www\ws\tests\unit\controller\v1\json\base\getTest.php" line="39" assertions="10" time="0.038008"/>
      <testsuite name="WebServiceControllerV1JsonBaseGetTest::testGetOrder" tests="6" assertions="30" failures="0" errors="0" time="0.125869">
        <testcase name="testGetOrder with data set #0" assertions="5" time="0.020754"/>
        <testcase name="testGetOrder with data set #1" assertions="5" time="0.021336"/>
        <testcase name="testGetOrder with data set #2" assertions="5" time="0.022003"/>
        <testcase name="testGetOrder with data set #3" assertions="5" time="0.020203"/>
        <testcase name="testGetOrder with data set #4" assertions="5" time="0.020611"/>
        <testcase name="testGetOrder with data set #5" assertions="5" time="0.020962"/>
      </testsuite>
      <testsuite name="WebServiceControllerV1JsonBaseGetTest::testGetLimit" tests="8" assertions="40" failures="0" errors="0" time="0.164164">
        <testcase name="testGetLimit with data set #0" assertions="5" time="0.020474"/>
        <testcase name="testGetLimit with data set #1" assertions="5" time="0.019765"/>
        <testcase name="testGetLimit with data set #2" assertions="5" time="0.020970"/>
        <testcase name="testGetLimit with data set #3" assertions="5" time="0.020939"/>
        <testcase name="testGetLimit with data set #4" assertions="5" time="0.020357"/>
        <testcase name="testGetLimit with data set #5" assertions="5" time="0.020825"/>
        <testcase name="testGetLimit with data set #6" assertions="5" time="0.020221"/>
        <testcase name="testGetLimit with data set #7" assertions="5" time="0.020613"/>
      </testsuite>
      <testsuite name="WebServiceControllerV1JsonBaseGetTest::testGetOffset" tests="6" assertions="30" failures="0" errors="0" time="0.122979">
        <testcase name="testGetOffset with data set #0" assertions="5" time="0.021025"/>
        <testcase name="testGetOffset with data set #1" assertions="5" time="0.020485"/>
        <testcase name="testGetOffset with data set #2" assertions="5" time="0.019676"/>
        <testcase name="testGetOffset with data set #3" assertions="5" time="0.020714"/>
        <testcase name="testGetOffset with data set #4" assertions="5" time="0.020604"/>
        <testcase name="testGetOffset with data set #5" assertions="5" time="0.020475"/>
      </testsuite>
      <testsuite name="WebServiceControllerV1JsonBaseGetTest::testGetContentId" tests="7" assertions="35" failures="0" errors="0" time="0.143282">
        <testcase name="testGetContentId with data set #0" assertions="5" time="0.020413"/>
        <testcase name="testGetContentId with data set #1" assertions="5" time="0.019830"/>
        <testcase name="testGetContentId with data set #2" assertions="5" time="0.020659"/>
        <testcase name="testGetContentId with data set #3" assertions="5" time="0.020750"/>
        <testcase name="testGetContentId with data set #4" assertions="5" time="0.020615"/>
        <testcase name="testGetContentId with data set #5" assertions="5" time="0.020395"/>
        <testcase name="testGetContentId with data set #6" assertions="5" time="0.020620"/>
      </testsuite>
      <testsuite name="WebServiceControllerV1JsonBaseGetTest::testGetSince" tests="7" assertions="36" failures="0" errors="0" time="0.160567">
        <testcase name="testGetSince with data set #0" assertions="5" time="0.022087"/>
        <testcase name="testGetSince with data set #1" assertions="5" time="0.021356"/>
        <testcase name="testGetSince with data set #2" assertions="5" time="0.021457"/>
        <testcase name="testGetSince with data set #3" assertions="5" time="0.021689"/>
        <testcase name="testGetSince with data set #4" assertions="5" time="0.021149"/>
        <testcase name="testGetSince with data set #5" assertions="5" time="0.026458"/>
        <testcase name="testGetSince with data set #6" assertions="6" time="0.026371"/>
      </testsuite>
      <testsuite name="WebServiceControllerV1JsonBaseGetTest::testGetBefore" tests="7" assertions="37" failures="0" errors="0" time="0.156352">
        <testcase name="testGetBefore with data set #0" assertions="5" time="0.020593"/>
        <testcase name="testGetBefore with data set #1" assertions="5" time="0.021197"/>
        <testcase name="testGetBefore with data set #2" assertions="5" time="0.021849"/>
        <testcase name="testGetBefore with data set #3" assertions="5" time="0.021401"/>
        <testcase name="testGetBefore with data set #4" assertions="6" time="0.024624"/>
        <testcase name="testGetBefore with data set #5" assertions="5" time="0.021220"/>
        <testcase name="testGetBefore with data set #6" assertions="6" time="0.025468"/>
      </testsuite>
      <testsuite name="WebServiceControllerV1JsonBaseGetTest::testGetFields" tests="4" assertions="20" failures="0" errors="0" time="0.086157">
        <testcase name="testGetFields with data set #0" assertions="5" time="0.020425"/>
        <testcase name="testGetFields with data set #1" assertions="5" time="0.020821"/>
        <testcase name="testGetFields with data set #2" assertions="5" time="0.021968"/>
        <testcase name="testGetFields with data set #3" assertions="5" time="0.022943"/>
      </testsuite>
      <testcase name="testInit" class="WebServiceControllerV1JsonBaseGetTest" file="C:\wamp\www\eclipse_www\ws\tests\unit\controller\v1\json\base\getTest.php" line="525" assertions="11" time="0.033556"/>
      <testcase name="testExecute" class="WebServiceControllerV1JsonBaseGetTest" file="C:\wamp\www\eclipse_www\ws\tests\unit\controller\v1\json\base\getTest.php" line="582" assertions="5" time="0.046397"/>
      <testsuite name="WebServiceControllerV1JsonBaseGetTest::testGetAction" tests="2" assertions="10" failures="0" errors="0" time="0.040834">
        <testcase name="testGetAction with data set #0" assertions="5" time="0.020326"/>
        <testcase name="testGetAction with data set #1" assertions="5" time="0.020508"/>
      </testsuite>
    </testsuite>
    <testsuite name="WebServiceControllerV1JsonBaseUpdateTest" file="C:\wamp\www\eclipse_www\ws\tests\unit\controller\v1\json\base\updateTest.php" fullPackage="WebService.Tests.Application" package="WebService.Tests" subpackage="Application" tests="12" assertions="65" failures="0" errors="0" time="0.284205">
      <testcase name="test__construct" class="WebServiceControllerV1JsonBaseUpdateTest" file="C:\wamp\www\eclipse_www\ws\tests\unit\controller\v1\json\base\updateTest.php" line="38" assertions="10" time="0.037584"/>
      <testsuite name="WebServiceControllerV1JsonBaseUpdateTest::testGetContentId" tests="7" assertions="35" failures="0" errors="0" time="0.147829">
        <testcase name="testGetContentId with data set #0" assertions="5" time="0.021612"/>
        <testcase name="testGetContentId with data set #1" assertions="5" time="0.021049"/>
        <testcase name="testGetContentId with data set #2" assertions="5" time="0.020748"/>
        <testcase name="testGetContentId with data set #3" assertions="5" time="0.021117"/>
        <testcase name="testGetContentId with data set #4" assertions="5" time="0.021398"/>
        <testcase name="testGetContentId with data set #5" assertions="5" time="0.021124"/>
        <testcase name="testGetContentId with data set #6" assertions="5" time="0.020781"/>
      </testsuite>
      <testsuite name="WebServiceControllerV1JsonBaseUpdateTest::testGetDataFields" tests="4" assertions="20" failures="0" errors="0" time="0.098792">
        <testcase name="testGetDataFields with data set #0" assertions="5" time="0.024252"/>
        <testcase name="testGetDataFields with data set #1" assertions="5" time="0.024290"/>
        <testcase name="testGetDataFields with data set #2" assertions="5" time="0.024920"/>
        <testcase name="testGetDataFields with data set #3" assertions="5" time="0.025330"/>
      </testsuite>
    </testsuite>
    <testsuite name="WebServiceModelBaseTest" file="C:\wamp\www\eclipse_www\ws\tests\unit\model\baseTest.php" fullPackage="WebService.Tests.Application" package="WebService.Tests" subpackage="Application" tests="1" assertions="14" failures="0" errors="0" time="0.108382">
      <testcase name="test__construct" class="WebServiceModelBaseTest" file="C:\wamp\www\eclipse_www\ws\tests\unit\model\baseTest.php" line="63" assertions="14" time="0.108382"/>
    </testsuite>
  </testsuite>
</testsuites>
