<?xml version="1.0" encoding="UTF-8"?>
<testsuites>
  <testsuite name="WebServiceModelBaseTest" file="C:\wamp\www\eclipse_www\ws\tests\unit\model\baseTest.php" fullPackage="WebService.Tests.Application" package="WebService.Tests" subpackage="Application" tests="1" assertions="14" failures="0" errors="0" time="0.245358">
    <testcase name="test__construct" class="WebServiceModelBaseTest" file="C:\wamp\www\eclipse_www\ws\tests\unit\model\baseTest.php" line="63" assertions="14" time="0.245358"/>
  </testsuite>
</testsuites>
